
@smokeTest
Scenario: Mailing gift card functionality under gift card   # src/test/java/features/GiftCard.feature:9
  Given I am on hotel.com homepage                          # stepDefinitions.HotelsHomePageTestDefinitions.i_am_on_hotel_com_homepage()
  And I click on gift cards                                 # stepDefinitions.HotelsHomePageTestDefinitions.i_click_on_gift_cards()
  And I click on buy now                                    # stepDefinitions.HotelsHomePageTestDefinitions.i_click_on_buy_now()
      org.openqa.selenium.NoSuchElementException: no such element: Unable to locate element: {"method":"xpath","selector":"//body/div[@id='main-content']/main[1]/div[1]/div[1]/div[2]/div[1]/div[1]/div[1]/div[1]/div[1]/div[1]/a[1]"}
  (Session info: chrome=89.0.4389.114)
For documentation on this error, please visit: https://www.seleniumhq.org/exceptions/no_such_element.html
Build info: version: '3.141.59', revision: 'e82be7d358', time: '2018-11-14T08:17:03'
System info: host: 'DESKTOP-BQP1HFR', ip: '192.168.190.1', os.name: 'Windows 10', os.arch: 'amd64', os.version: '10.0', java.version: '11.0.9'
Driver info: org.openqa.selenium.chrome.ChromeDriver
Capabilities {acceptInsecureCerts: false, browserName: chrome, browserVersion: 89.0.4389.114, chrome: {chromedriverVersion: 89.0.4389.23 (61b08ee2c5002..., userDataDir: C:\Users\farha\AppData\Loca...}, goog:chromeOptions: {debuggerAddress: localhost:61055}, javascriptEnabled: true, networkConnectionEnabled: false, pageLoadStrategy: normal, platform: WINDOWS, platformName: WINDOWS, proxy: Proxy(), setWindowRect: true, strictFileInteractability: false, timeouts: {implicit: 0, pageLoad: 300000, script: 30000}, unhandledPromptBehavior: dismiss and notify, webauthn:extension:largeBlob: true, webauthn:virtualAuthenticators: true}
Session ID: d392dd5896a34b501b0c58ffbb91b76f
*** Element info: {Using=xpath, value=//body/div[@id='main-content']/main[1]/div[1]/div[1]/div[2]/div[1]/div[1]/div[1]/div[1]/div[1]/div[1]/a[1]}
	at java.base/jdk.internal.reflect.NativeConstructorAccessorImpl.newInstance0(Native Method)
	at java.base/jdk.internal.reflect.NativeConstructorAccessorImpl.newInstance(NativeConstructorAccessorImpl.java:62)
	at java.base/jdk.internal.reflect.DelegatingConstructorAccessorImpl.newInstance(DelegatingConstructorAccessorImpl.java:45)
	at java.base/java.lang.reflect.Constructor.newInstance(Constructor.java:490)
	at org.openqa.selenium.remote.http.W3CHttpResponseCodec.createException(W3CHttpResponseCodec.java:187)
	at org.openqa.selenium.remote.http.W3CHttpResponseCodec.decode(W3CHttpResponseCodec.java:122)
	at org.openqa.selenium.remote.http.W3CHttpResponseCodec.decode(W3CHttpResponseCodec.java:49)
	at org.openqa.selenium.remote.HttpCommandExecutor.execute(HttpCommandExecutor.java:158)
	at org.openqa.selenium.remote.service.DriverCommandExecutor.execute(DriverCommandExecutor.java:83)
	at org.openqa.selenium.remote.RemoteWebDriver.execute(RemoteWebDriver.java:552)
	at org.openqa.selenium.remote.RemoteWebDriver.findElement(RemoteWebDriver.java:323)
	at org.openqa.selenium.remote.RemoteWebDriver.findElementByXPath(RemoteWebDriver.java:428)
	at org.openqa.selenium.By$ByXPath.findElement(By.java:353)
	at org.openqa.selenium.remote.RemoteWebDriver.findElement(RemoteWebDriver.java:315)
	at common.WebAPI.clickByXpath(WebAPI.java:328)
	at hotels.comhomepage.HotelsHomePage.checkBuyNow(HotelsHomePage.java:162)
	at stepDefinitions.HotelsHomePageTestDefinitions.i_click_on_buy_now(HotelsHomePageTestDefinitions.java:231)
	at ✽.I click on buy now(file:///C:/Users/farha/IdeaProjects/BDD_Automation_Framework_Team1/Hotels/src/test/java/features/GiftCard.feature:6)

  And I click on a friend                                   # stepDefinitions.HotelsHomePageTestDefinitions.i_click_on_a_friend()
  And I enter "Alisha Amira" on the friends name search box # stepDefinitions.HotelsHomePageTestDefinitions.i_enter_on_the_friends_name_search_box(java.lang.String)
  And I enter "Farhana Chowdhury" on my name search box     # stepDefinitions.HotelsHomePageTestDefinitions.i_enter_on_my_name_search_box(java.lang.String)
  And I click on pick a gift card                           # stepDefinitions.HotelsHomePageTestDefinitions.i_click_on_pick_a_gift_card()
  And I click on send a  physical gift card                 # stepDefinitions.HotelsHomePageTestDefinitions.i_click_on_send_a_physical_gift_card()
  And I click on how much                                   # stepDefinitions.HotelsHomePageTestDefinitions.i_click_on_how_much()
  And I click on Fifty for amount                           # stepDefinitions.HotelsHomePageTestDefinitions.i_click_on_fifty_for_amount()
  And I click on add a message                              # stepDefinitions.HotelsHomePageTestDefinitions.i_click_on_add_a_message()
  And I click on where it is going                          # stepDefinitions.HotelsHomePageTestDefinitions.i_click_on_where_it_is_going()
  And I enter the receiver's mailing information            # stepDefinitions.HotelsHomePageTestDefinitions.i_enter_the_receiver_s_mailing_information(java.util.List<java.util.List<java.lang.String>>)
  When I click on shipping                                  # stepDefinitions.HotelsHomePageTestDefinitions.i_click_on_shipping()
  Then I should see checkout page                           # stepDefinitions.HotelsHomePageTestDefinitions.i_should_see_checkout_page()

@smokeTest
Scenario: Gift card purchase functionality under gift card # src/test/java/features/GiftCard.feature:28
  Given I am on hotel.com homepage                         # stepDefinitions.HotelsHomePageTestDefinitions.i_am_on_hotel_com_homepage()
  And I click on gift cards                                # stepDefinitions.HotelsHomePageTestDefinitions.i_click_on_gift_cards()
  And I click on buy now                                   # stepDefinitions.HotelsHomePageTestDefinitions.i_click_on_buy_now()
      org.openqa.selenium.NoSuchElementException: no such element: Unable to locate element: {"method":"xpath","selector":"//body/div[@id='main-content']/main[1]/div[1]/div[1]/div[2]/div[1]/div[1]/div[1]/div[1]/div[1]/div[1]/a[1]"}
  (Session info: chrome=89.0.4389.114)
For documentation on this error, please visit: https://www.seleniumhq.org/exceptions/no_such_element.html
Build info: version: '3.141.59', revision: 'e82be7d358', time: '2018-11-14T08:17:03'
System info: host: 'DESKTOP-BQP1HFR', ip: '192.168.190.1', os.name: 'Windows 10', os.arch: 'amd64', os.version: '10.0', java.version: '11.0.9'
Driver info: org.openqa.selenium.chrome.ChromeDriver
Capabilities {acceptInsecureCerts: false, browserName: chrome, browserVersion: 89.0.4389.114, chrome: {chromedriverVersion: 89.0.4389.23 (61b08ee2c5002..., userDataDir: C:\Users\farha\AppData\Loca...}, goog:chromeOptions: {debuggerAddress: localhost:61275}, javascriptEnabled: true, networkConnectionEnabled: false, pageLoadStrategy: normal, platform: WINDOWS, platformName: WINDOWS, proxy: Proxy(), setWindowRect: true, strictFileInteractability: false, timeouts: {implicit: 0, pageLoad: 300000, script: 30000}, unhandledPromptBehavior: dismiss and notify, webauthn:extension:largeBlob: true, webauthn:virtualAuthenticators: true}
Session ID: e3c1c1586ead80a5e5d0b353b59f7bfe
*** Element info: {Using=xpath, value=//body/div[@id='main-content']/main[1]/div[1]/div[1]/div[2]/div[1]/div[1]/div[1]/div[1]/div[1]/div[1]/a[1]}
	at java.base/jdk.internal.reflect.NativeConstructorAccessorImpl.newInstance0(Native Method)
	at java.base/jdk.internal.reflect.NativeConstructorAccessorImpl.newInstance(NativeConstructorAccessorImpl.java:62)
	at java.base/jdk.internal.reflect.DelegatingConstructorAccessorImpl.newInstance(DelegatingConstructorAccessorImpl.java:45)
	at java.base/java.lang.reflect.Constructor.newInstance(Constructor.java:490)
	at org.openqa.selenium.remote.http.W3CHttpResponseCodec.createException(W3CHttpResponseCodec.java:187)
	at org.openqa.selenium.remote.http.W3CHttpResponseCodec.decode(W3CHttpResponseCodec.java:122)
	at org.openqa.selenium.remote.http.W3CHttpResponseCodec.decode(W3CHttpResponseCodec.java:49)
	at org.openqa.selenium.remote.HttpCommandExecutor.execute(HttpCommandExecutor.java:158)
	at org.openqa.selenium.remote.service.DriverCommandExecutor.execute(DriverCommandExecutor.java:83)
	at org.openqa.selenium.remote.RemoteWebDriver.execute(RemoteWebDriver.java:552)
	at org.openqa.selenium.remote.RemoteWebDriver.findElement(RemoteWebDriver.java:323)
	at org.openqa.selenium.remote.RemoteWebDriver.findElementByXPath(RemoteWebDriver.java:428)
	at org.openqa.selenium.By$ByXPath.findElement(By.java:353)
	at org.openqa.selenium.remote.RemoteWebDriver.findElement(RemoteWebDriver.java:315)
	at common.WebAPI.clickByXpath(WebAPI.java:328)
	at hotels.comhomepage.HotelsHomePage.checkBuyNow(HotelsHomePage.java:162)
	at stepDefinitions.HotelsHomePageTestDefinitions.i_click_on_buy_now(HotelsHomePageTestDefinitions.java:231)
	at ✽.I click on buy now(file:///C:/Users/farha/IdeaProjects/BDD_Automation_Framework_Team1/Hotels/src/test/java/features/GiftCard.feature:6)

  And I click on for me                                    # stepDefinitions.HotelsHomePageTestDefinitions.i_click_on_for_me()
  When I click on pick a gift card                         # stepDefinitions.HotelsHomePageTestDefinitions.i_click_on_pick_a_gift_card()
  And I click on send a digital card                       # stepDefinitions.HotelsHomePageTestDefinitions.i_click_on_send_a_digital_card()
  And I click on how much                                  # stepDefinitions.HotelsHomePageTestDefinitions.i_click_on_how_much()
  And I click on Fifty for amount                          # stepDefinitions.HotelsHomePageTestDefinitions.i_click_on_fifty_for_amount()
  And I click on add to cart                               # stepDefinitions.HotelsHomePageTestDefinitions.i_click_on_add_to_cart()
  Then I should see review your card page                  # stepDefinitions.HotelsHomePageTestDefinitions.i_should_see_review_your_card_page()

@smokeTest
Scenario: Personalized gift card functionality under gift card # src/test/java/features/GiftCard.feature:38
  Given I am on hotel.com homepage                             # stepDefinitions.HotelsHomePageTestDefinitions.i_am_on_hotel_com_homepage()
  And I click on gift cards                                    # stepDefinitions.HotelsHomePageTestDefinitions.i_click_on_gift_cards()
  And I click on buy now                                       # stepDefinitions.HotelsHomePageTestDefinitions.i_click_on_buy_now()
      org.openqa.selenium.NoSuchElementException: no such element: Unable to locate element: {"method":"xpath","selector":"//body/div[@id='main-content']/main[1]/div[1]/div[1]/div[2]/div[1]/div[1]/div[1]/div[1]/div[1]/div[1]/a[1]"}
  (Session info: chrome=89.0.4389.114)
For documentation on this error, please visit: https://www.seleniumhq.org/exceptions/no_such_element.html
Build info: version: '3.141.59', revision: 'e82be7d358', time: '2018-11-14T08:17:03'
System info: host: 'DESKTOP-BQP1HFR', ip: '192.168.190.1', os.name: 'Windows 10', os.arch: 'amd64', os.version: '10.0', java.version: '11.0.9'
Driver info: org.openqa.selenium.chrome.ChromeDriver
Capabilities {acceptInsecureCerts: false, browserName: chrome, browserVersion: 89.0.4389.114, chrome: {chromedriverVersion: 89.0.4389.23 (61b08ee2c5002..., userDataDir: C:\Users\farha\AppData\Loca...}, goog:chromeOptions: {debuggerAddress: localhost:61375}, javascriptEnabled: true, networkConnectionEnabled: false, pageLoadStrategy: normal, platform: WINDOWS, platformName: WINDOWS, proxy: Proxy(), setWindowRect: true, strictFileInteractability: false, timeouts: {implicit: 0, pageLoad: 300000, script: 30000}, unhandledPromptBehavior: dismiss and notify, webauthn:extension:largeBlob: true, webauthn:virtualAuthenticators: true}
Session ID: b3da9d5bc56d20102bc3790cb0e59a05
*** Element info: {Using=xpath, value=//body/div[@id='main-content']/main[1]/div[1]/div[1]/div[2]/div[1]/div[1]/div[1]/div[1]/div[1]/div[1]/a[1]}
	at java.base/jdk.internal.reflect.NativeConstructorAccessorImpl.newInstance0(Native Method)
	at java.base/jdk.internal.reflect.NativeConstructorAccessorImpl.newInstance(NativeConstructorAccessorImpl.java:62)
	at java.base/jdk.internal.reflect.DelegatingConstructorAccessorImpl.newInstance(DelegatingConstructorAccessorImpl.java:45)
	at java.base/java.lang.reflect.Constructor.newInstance(Constructor.java:490)
	at org.openqa.selenium.remote.http.W3CHttpResponseCodec.createException(W3CHttpResponseCodec.java:187)
	at org.openqa.selenium.remote.http.W3CHttpResponseCodec.decode(W3CHttpResponseCodec.java:122)
	at org.openqa.selenium.remote.http.W3CHttpResponseCodec.decode(W3CHttpResponseCodec.java:49)
	at org.openqa.selenium.remote.HttpCommandExecutor.execute(HttpCommandExecutor.java:158)
	at org.openqa.selenium.remote.service.DriverCommandExecutor.execute(DriverCommandExecutor.java:83)
	at org.openqa.selenium.remote.RemoteWebDriver.execute(RemoteWebDriver.java:552)
	at org.openqa.selenium.remote.RemoteWebDriver.findElement(RemoteWebDriver.java:323)
	at org.openqa.selenium.remote.RemoteWebDriver.findElementByXPath(RemoteWebDriver.java:428)
	at org.openqa.selenium.By$ByXPath.findElement(By.java:353)
	at org.openqa.selenium.remote.RemoteWebDriver.findElement(RemoteWebDriver.java:315)
	at common.WebAPI.clickByXpath(WebAPI.java:328)
	at hotels.comhomepage.HotelsHomePage.checkBuyNow(HotelsHomePage.java:162)
	at stepDefinitions.HotelsHomePageTestDefinitions.i_click_on_buy_now(HotelsHomePageTestDefinitions.java:231)
	at ✽.I click on buy now(file:///C:/Users/farha/IdeaProjects/BDD_Automation_Framework_Team1/Hotels/src/test/java/features/GiftCard.feature:6)

  And I click on for me                                        # stepDefinitions.HotelsHomePageTestDefinitions.i_click_on_for_me()
  When I click on pick a gift card                             # stepDefinitions.HotelsHomePageTestDefinitions.i_click_on_pick_a_gift_card()
  And I click on send a digital card                           # stepDefinitions.HotelsHomePageTestDefinitions.i_click_on_send_a_digital_card()
  And I click on upload your own photo                         # stepDefinitions.HotelsHomePageTestDefinitions.i_click_on_upload_your_own_photo()
  And I check the box for terms and conditions                 # stepDefinitions.HotelsHomePageTestDefinitions.i_check_the_box_for_terms_and_conditions()
  And I click on choose photo                                  # stepDefinitions.HotelsHomePageTestDefinitions.i_click_on_choose_photo()
  And I click on choose a local file                           # stepDefinitions.HotelsHomePageTestDefinitions.i_click_on_choose_a_local_file()
  And I click on done                                          # stepDefinitions.HotelsHomePageTestDefinitions.i_click_on_done()

@smokeTest
Scenario: Friend Gift card functionality under gift card     # src/test/java/features/GiftCard.feature:53
  Given I am on hotel.com homepage                           # stepDefinitions.HotelsHomePageTestDefinitions.i_am_on_hotel_com_homepage()
  And I click on gift cards                                  # stepDefinitions.HotelsHomePageTestDefinitions.i_click_on_gift_cards()
  And I click on buy now                                     # stepDefinitions.HotelsHomePageTestDefinitions.i_click_on_buy_now()
  And I click on a friend                                    # stepDefinitions.HotelsHomePageTestDefinitions.i_click_on_a_friend()
  And I enter "Alisha Amira" on the friends name search box  # stepDefinitions.HotelsHomePageTestDefinitions.i_enter_on_the_friends_name_search_box(java.lang.String)
  And I enter "Farhana Chowdhury" on my name search box      # stepDefinitions.HotelsHomePageTestDefinitions.i_enter_on_my_name_search_box(java.lang.String)
  And I click on pick a gift card                            # stepDefinitions.HotelsHomePageTestDefinitions.i_click_on_pick_a_gift_card()
  And I click on send a digital card                         # stepDefinitions.HotelsHomePageTestDefinitions.i_click_on_send_a_digital_card()
  And I click on how much                                    # stepDefinitions.HotelsHomePageTestDefinitions.i_click_on_how_much()
  And I click on Fifty for amount                            # stepDefinitions.HotelsHomePageTestDefinitions.i_click_on_fifty_for_amount()
  And I click on add a message                               # stepDefinitions.HotelsHomePageTestDefinitions.i_click_on_add_a_message()
  And I click on where it is going                           # stepDefinitions.HotelsHomePageTestDefinitions.i_click_on_where_it_is_going()
  And I enter "Alisha@gmail.com" on the email web edit field # stepDefinitions.HotelsHomePageTestDefinitions.i_enter_on_the_email_web_edit_field(java.lang.String)
  When I click on add to cart                                # stepDefinitions.HotelsHomePageTestDefinitions.i_click_on_add_to_cart()
  Then I should see review your card page                    # stepDefinitions.HotelsHomePageTestDefinitions.i_should_see_review_your_card_page()

@smokeTest
Scenario: Mailing gift card functionality under gift card   # src/test/java/features/GiftCard.feature:68
  Given I am on hotel.com homepage                          # stepDefinitions.HotelsHomePageTestDefinitions.i_am_on_hotel_com_homepage()
  And I click on gift cards                                 # stepDefinitions.HotelsHomePageTestDefinitions.i_click_on_gift_cards()
  And I click on buy now                                    # stepDefinitions.HotelsHomePageTestDefinitions.i_click_on_buy_now()
  Given I am on hotel.com homepage                          # stepDefinitions.HotelsHomePageTestDefinitions.i_am_on_hotel_com_homepage()
  And I click on gift cards                                 # stepDefinitions.HotelsHomePageTestDefinitions.i_click_on_gift_cards()
  And I click on buy now                                    # stepDefinitions.HotelsHomePageTestDefinitions.i_click_on_buy_now()
  And I click on a friend                                   # stepDefinitions.HotelsHomePageTestDefinitions.i_click_on_a_friend()
  And I enter "Alisha Amira" on the friends name search box # stepDefinitions.HotelsHomePageTestDefinitions.i_enter_on_the_friends_name_search_box(java.lang.String)
  And I enter "Farhana Chowdhury" on my name search box     # stepDefinitions.HotelsHomePageTestDefinitions.i_enter_on_my_name_search_box(java.lang.String)
  And I click on pick a gift card                           # stepDefinitions.HotelsHomePageTestDefinitions.i_click_on_pick_a_gift_card()
  And I click on send a  physical gift card                 # stepDefinitions.HotelsHomePageTestDefinitions.i_click_on_send_a_physical_gift_card()
  And I click on how much                                   # stepDefinitions.HotelsHomePageTestDefinitions.i_click_on_how_much()
  And I click on Fifty for amount                           # stepDefinitions.HotelsHomePageTestDefinitions.i_click_on_fifty_for_amount()
  And I click on add a message                              # stepDefinitions.HotelsHomePageTestDefinitions.i_click_on_add_a_message()
  And I click on where it is going                          # stepDefinitions.HotelsHomePageTestDefinitions.i_click_on_where_it_is_going()
  And I enter the receiver's mailing information            # stepDefinitions.HotelsHomePageTestDefinitions.i_enter_the_receiver_s_mailing_information(java.util.List<java.util.List<java.lang.String>>)
  When I click on shipping                                  # stepDefinitions.HotelsHomePageTestDefinitions.i_click_on_shipping()
  Then I should see checkout page                           # stepDefinitions.HotelsHomePageTestDefinitions.i_should_see_checkout_page()

@smokeTest
Scenario: Hotel Deals finder on Hotels.com header # src/test/java/features/Header.feature:4
  Given I am on hotel.com homepage                # stepDefinitions.HotelsHomePageTestDefinitions.i_am_on_hotel_com_homepage()
  And I click on deals                            # stepDefinitions.HotelsHomePageTestDefinitions.i_click_on_deals()
  And I enter "Miami" on the search Bar           # stepDefinitions.HotelsHomePageTestDefinitions.i_enter_on_the_search_bar(java.lang.String)
  And I select April 20th for check in date       # stepDefinitions.HotelsHomePageTestDefinitions.i_select_april_20th_for_check_in_date()
      org.openqa.selenium.NoSuchElementException: no such element: Unable to locate element: {"method":"xpath","selector":"//body[1]/div[8]/div[2]/div[1]/div[2]/table[1]/tbody[1]/tr[5]/td[2]/a[1]"}
  (Session info: chrome=89.0.4389.114)
For documentation on this error, please visit: https://www.seleniumhq.org/exceptions/no_such_element.html
Build info: version: '3.141.59', revision: 'e82be7d358', time: '2018-11-14T08:17:03'
System info: host: 'DESKTOP-BQP1HFR', ip: '192.168.190.1', os.name: 'Windows 10', os.arch: 'amd64', os.version: '10.0', java.version: '11.0.9'
Driver info: org.openqa.selenium.chrome.ChromeDriver
Capabilities {acceptInsecureCerts: false, browserName: chrome, browserVersion: 89.0.4389.114, chrome: {chromedriverVersion: 89.0.4389.23 (61b08ee2c5002..., userDataDir: C:\Users\farha\AppData\Loca...}, goog:chromeOptions: {debuggerAddress: localhost:62308}, javascriptEnabled: true, networkConnectionEnabled: false, pageLoadStrategy: normal, platform: WINDOWS, platformName: WINDOWS, proxy: Proxy(), setWindowRect: true, strictFileInteractability: false, timeouts: {implicit: 0, pageLoad: 300000, script: 30000}, unhandledPromptBehavior: dismiss and notify, webauthn:extension:largeBlob: true, webauthn:virtualAuthenticators: true}
Session ID: a4b7e21d4b04eb5cb6458c96e11ef099
*** Element info: {Using=xpath, value=//body[1]/div[8]/div[2]/div[1]/div[2]/table[1]/tbody[1]/tr[5]/td[2]/a[1]}
	at java.base/jdk.internal.reflect.NativeConstructorAccessorImpl.newInstance0(Native Method)
	at java.base/jdk.internal.reflect.NativeConstructorAccessorImpl.newInstance(NativeConstructorAccessorImpl.java:62)
	at java.base/jdk.internal.reflect.DelegatingConstructorAccessorImpl.newInstance(DelegatingConstructorAccessorImpl.java:45)
	at java.base/java.lang.reflect.Constructor.newInstance(Constructor.java:490)
	at org.openqa.selenium.remote.http.W3CHttpResponseCodec.createException(W3CHttpResponseCodec.java:187)
	at org.openqa.selenium.remote.http.W3CHttpResponseCodec.decode(W3CHttpResponseCodec.java:122)
	at org.openqa.selenium.remote.http.W3CHttpResponseCodec.decode(W3CHttpResponseCodec.java:49)
	at org.openqa.selenium.remote.HttpCommandExecutor.execute(HttpCommandExecutor.java:158)
	at org.openqa.selenium.remote.service.DriverCommandExecutor.execute(DriverCommandExecutor.java:83)
	at org.openqa.selenium.remote.RemoteWebDriver.execute(RemoteWebDriver.java:552)
	at org.openqa.selenium.remote.RemoteWebDriver.findElement(RemoteWebDriver.java:323)
	at org.openqa.selenium.remote.RemoteWebDriver.findElementByXPath(RemoteWebDriver.java:428)
	at org.openqa.selenium.By$ByXPath.findElement(By.java:353)
	at org.openqa.selenium.remote.RemoteWebDriver.findElement(RemoteWebDriver.java:315)
	at common.WebAPI.getTextByXpath(WebAPI.java:414)
	at hotels.comhomepage.HotelsHomePage.checkInCalender(HotelsHomePage.java:41)
	at stepDefinitions.HotelsHomePageTestDefinitions.i_select_april_20th_for_check_in_date(HotelsHomePageTestDefinitions.java:64)
	at ✽.I select April 20th for check in date(file:///C:/Users/farha/IdeaProjects/BDD_Automation_Framework_Team1/Hotels/src/test/java/features/Header.feature:8)

  And I select April 25th for checkout date       # stepDefinitions.HotelsHomePageTestDefinitions.i_select_april_25th_for_checkout_date()

@smokeTest
Scenario: Flight packages functionality on hotels header # src/test/java/features/Header.feature:16
  Given I am on hotel.com homepage                       # stepDefinitions.HotelsHomePageTestDefinitions.i_am_on_hotel_com_homepage()
  And I click Packages & Flights                         # stepDefinitions.HotelsHomePageTestDefinitions.i_click_packages_flights()
  And I click on flight & Hotel                          # stepDefinitions.HotelsHomePageTestDefinitions.i_click_on_flight_hotel()
  And I enter "Detroit" on the flying from search box    # stepDefinitions.HotelsHomePageTestDefinitions.i_enter_on_the_flying_from_search_box(java.lang.String)
      org.openqa.selenium.NoSuchElementException: no such element: Unable to locate element: {"method":"xpath","selector":"//input[@id='package-origin-hp-package']"}
  (Session info: chrome=89.0.4389.114)
For documentation on this error, please visit: https://www.seleniumhq.org/exceptions/no_such_element.html
Build info: version: '3.141.59', revision: 'e82be7d358', time: '2018-11-14T08:17:03'
System info: host: 'DESKTOP-BQP1HFR', ip: '192.168.190.1', os.name: 'Windows 10', os.arch: 'amd64', os.version: '10.0', java.version: '11.0.9'
Driver info: org.openqa.selenium.chrome.ChromeDriver
Capabilities {acceptInsecureCerts: false, browserName: chrome, browserVersion: 89.0.4389.114, chrome: {chromedriverVersion: 89.0.4389.23 (61b08ee2c5002..., userDataDir: C:\Users\farha\AppData\Loca...}, goog:chromeOptions: {debuggerAddress: localhost:62606}, javascriptEnabled: true, networkConnectionEnabled: false, pageLoadStrategy: normal, platform: WINDOWS, platformName: WINDOWS, proxy: Proxy(), setWindowRect: true, strictFileInteractability: false, timeouts: {implicit: 0, pageLoad: 300000, script: 30000}, unhandledPromptBehavior: dismiss and notify, webauthn:extension:largeBlob: true, webauthn:virtualAuthenticators: true}
Session ID: eb9e08bd4f2eae7aaecca7656d184c4b
*** Element info: {Using=xpath, value=//input[@id='package-origin-hp-package']}
	at java.base/jdk.internal.reflect.NativeConstructorAccessorImpl.newInstance0(Native Method)
	at java.base/jdk.internal.reflect.NativeConstructorAccessorImpl.newInstance(NativeConstructorAccessorImpl.java:62)
	at java.base/jdk.internal.reflect.DelegatingConstructorAccessorImpl.newInstance(DelegatingConstructorAccessorImpl.java:45)
	at java.base/java.lang.reflect.Constructor.newInstance(Constructor.java:490)
	at org.openqa.selenium.remote.http.W3CHttpResponseCodec.createException(W3CHttpResponseCodec.java:187)
	at org.openqa.selenium.remote.http.W3CHttpResponseCodec.decode(W3CHttpResponseCodec.java:122)
	at org.openqa.selenium.remote.http.W3CHttpResponseCodec.decode(W3CHttpResponseCodec.java:49)
	at org.openqa.selenium.remote.HttpCommandExecutor.execute(HttpCommandExecutor.java:158)
	at org.openqa.selenium.remote.service.DriverCommandExecutor.execute(DriverCommandExecutor.java:83)
	at org.openqa.selenium.remote.RemoteWebDriver.execute(RemoteWebDriver.java:552)
	at org.openqa.selenium.remote.RemoteWebDriver.findElement(RemoteWebDriver.java:323)
	at org.openqa.selenium.remote.RemoteWebDriver.findElementByXPath(RemoteWebDriver.java:428)
	at org.openqa.selenium.By$ByXPath.findElement(By.java:353)
	at org.openqa.selenium.remote.RemoteWebDriver.findElement(RemoteWebDriver.java:315)
	at org.openqa.selenium.support.pagefactory.DefaultElementLocator.findElement(DefaultElementLocator.java:69)
	at org.openqa.selenium.support.pagefactory.internal.LocatingElementHandler.invoke(LocatingElementHandler.java:38)
	at com.sun.proxy.$Proxy24.sendKeys(Unknown Source)
	at hotels.comhomepage.HotelsHomePage.checkFlyingFrom(HotelsHomePage.java:80)
	at stepDefinitions.HotelsHomePageTestDefinitions.i_enter_on_the_flying_from_search_box(HotelsHomePageTestDefinitions.java:121)
	at ✽.I enter "Detroit" on the flying from search box(file:///C:/Users/farha/IdeaProjects/BDD_Automation_Framework_Team1/Hotels/src/test/java/features/Header.feature:20)

  And I enter "Miami" on destination search box          # stepDefinitions.HotelsHomePageTestDefinitions.i_enter_on_destination_search_box(java.lang.String)
  And I select april 20th from the destination calender  # stepDefinitions.HotelsHomePageTestDefinitions.i_select_april_20th_from_the_destination_calender()
  And I select april 23rd from the returning Calender    # stepDefinitions.HotelsHomePageTestDefinitions.i_select_april_23rd_from_the_returning_calender()
  When I click on search button                          # stepDefinitions.HotelsHomePageTestDefinitions.i_click_on_search_button()
  Then I should be able to see all the available flights # stepDefinitions.HotelsHomePageTestDefinitions.i_should_be_able_to_see_all_the_available_flights()

@smokeTest
Scenario: Car rentals functionality on hotels header             # src/test/java/features/Header.feature:28
  Given I am on hotel.com homepage                               # stepDefinitions.HotelsHomePageTestDefinitions.i_am_on_hotel_com_homepage()
  And I click on car rentals                                     # stepDefinitions.HotelsHomePageTestDefinitions.i_click_on_car_rentals()
  And I enter "Miami" on the rental car search bar               # stepDefinitions.HotelsHomePageTestDefinitions.i_enter_on_the_rental_car_search_bar(java.lang.String)
  And I click on pickup calender                                 # stepDefinitions.HotelsHomePageTestDefinitions.i_click_on_pickup_calender()
  And I select April 20th from the pickup calender               # stepDefinitions.HotelsHomePageTestDefinitions.i_select_april_20th_from_the_pickup_calender()
  And I click on drop-off calender                               # stepDefinitions.HotelsHomePageTestDefinitions.i_click_on_drop_off_calender()
  And I select April 21st from the drop-off calender             # stepDefinitions.HotelsHomePageTestDefinitions.i_select_april_21st_from_the_drop_off_calender()
  When I click on search                                         # stepDefinitions.HotelsHomePageTestDefinitions.i_click_on_search()
  Then I should be able to see all the available cars for pickup # stepDefinitions.HotelsHomePageTestDefinitions.i_should_be_able_to_see_all_the_available_cars_for_pickup()

@smokeTest
Scenario: Join membership functionality under Rewards # src/test/java/features/Rewards.feature:4
  Given I am on hotel.com homepage                    # stepDefinitions.HotelsHomePageTestDefinitions.i_am_on_hotel_com_homepage()
  And I click on Hotels.com Rewards                   # stepDefinitions.HotelsHomePageTestDefinitions.i_click_on_hotels_com_rewards()
      org.openqa.selenium.ElementClickInterceptedException: element click intercepted: Element <a href="/hotel-rewards-pillar/hotelscomrewards.html?intlid=HOME+%3A%3A+header_main_section" id="hdr-rewards" rel="nofollow">...</a> is not clickable at point (963, 139). Other element would receive the click: <div class="signin-signup-notification-container notApplicable show">...</div>
  (Session info: chrome=89.0.4389.114)
Build info: version: '3.141.59', revision: 'e82be7d358', time: '2018-11-14T08:17:03'
System info: host: 'DESKTOP-BQP1HFR', ip: '192.168.190.1', os.name: 'Windows 10', os.arch: 'amd64', os.version: '10.0', java.version: '11.0.9'
Driver info: org.openqa.selenium.chrome.ChromeDriver
Capabilities {acceptInsecureCerts: false, browserName: chrome, browserVersion: 89.0.4389.114, chrome: {chromedriverVersion: 89.0.4389.23 (61b08ee2c5002..., userDataDir: C:\Users\farha\AppData\Loca...}, goog:chromeOptions: {debuggerAddress: localhost:63173}, javascriptEnabled: true, networkConnectionEnabled: false, pageLoadStrategy: normal, platform: WINDOWS, platformName: WINDOWS, proxy: Proxy(), setWindowRect: true, strictFileInteractability: false, timeouts: {implicit: 0, pageLoad: 300000, script: 30000}, unhandledPromptBehavior: dismiss and notify, webauthn:extension:largeBlob: true, webauthn:virtualAuthenticators: true}
Session ID: 14094706353d31f8ea8f2b031bc0bbcf
	at java.base/jdk.internal.reflect.NativeConstructorAccessorImpl.newInstance0(Native Method)
	at java.base/jdk.internal.reflect.NativeConstructorAccessorImpl.newInstance(NativeConstructorAccessorImpl.java:62)
	at java.base/jdk.internal.reflect.DelegatingConstructorAccessorImpl.newInstance(DelegatingConstructorAccessorImpl.java:45)
	at java.base/java.lang.reflect.Constructor.newInstance(Constructor.java:490)
	at org.openqa.selenium.remote.http.W3CHttpResponseCodec.createException(W3CHttpResponseCodec.java:187)
	at org.openqa.selenium.remote.http.W3CHttpResponseCodec.decode(W3CHttpResponseCodec.java:122)
	at org.openqa.selenium.remote.http.W3CHttpResponseCodec.decode(W3CHttpResponseCodec.java:49)
	at org.openqa.selenium.remote.HttpCommandExecutor.execute(HttpCommandExecutor.java:158)
	at org.openqa.selenium.remote.service.DriverCommandExecutor.execute(DriverCommandExecutor.java:83)
	at org.openqa.selenium.remote.RemoteWebDriver.execute(RemoteWebDriver.java:552)
	at org.openqa.selenium.remote.RemoteWebElement.execute(RemoteWebElement.java:285)
	at org.openqa.selenium.remote.RemoteWebElement.click(RemoteWebElement.java:84)
	at common.WebAPI.clickOnLink(WebAPI.java:738)
	at hotels.comhomepage.HotelsHomePage.checkRewards(HotelsHomePage.java:251)
	at stepDefinitions.HotelsHomePageTestDefinitions.i_click_on_hotels_com_rewards(HotelsHomePageTestDefinitions.java:371)
	at ✽.I click on Hotels.com Rewards(file:///C:/Users/farha/IdeaProjects/BDD_Automation_Framework_Team1/Hotels/src/test/java/features/Rewards.feature:6)

  When I click on join now                            # stepDefinitions.HotelsHomePageTestDefinitions.i_click_on_join_now()
  Then I should see create account page               # stepDefinitions.HotelsHomePageTestDefinitions.i_should_see_create_account_page()

@smokeTest
Scenario: Things to do search box functionality test         # src/test/java/features/ThingsToDo.feature:4
  Given I am on hotel.com homepage                           # stepDefinitions.HotelsHomePageTestDefinitions.i_am_on_hotel_com_homepage()
  And I click on things to do                                # stepDefinitions.HotelsHomePageTestDefinitions.i_click_on_things_to_do()
  And I enter "Miami" on things to do search box             # stepDefinitions.HotelsHomePageTestDefinitions.i_enter_on_things_to_do_search_box(java.lang.String)
  And I click on From Calender                               # stepDefinitions.HotelsHomePageTestDefinitions.i_click_on_from_calender()
  And I select april 23rd from the  Calender                 # stepDefinitions.HotelsHomePageTestDefinitions.i_select_april_23rd_from_the_calender()
  And I click on To calender                                 # stepDefinitions.HotelsHomePageTestDefinitions.i_click_on_to_calender()
  And I select April 24th from the calender                  # stepDefinitions.HotelsHomePageTestDefinitions.i_select_april_24th_from_the_calender()
  When I click on Search                                     # stepDefinitions.HotelsHomePageTestDefinitions.i_click_on_Search()
  Then I should be able to see all the things to do in Miami # stepDefinitions.HotelsHomePageTestDefinitions.i_should_be_able_to_see_all_the_things_to_do_in_miami()
