<?xml version="1.0" encoding="UTF-8" standalone="no"?>
<testsuite errors="0" failures="2" name="io.cucumber.core.plugin.JUnitFormatter" skipped="0" tests="2" time="0.619">
    <testcase classname="SearchBox Functionality check" name="Amazon searchBox functionality check with valid product" time="0.114">
        <failure message="The driver is not executable: /Users/abunabi/IdeaProjects/BDD_Automation_Framework_Team1/Amazon/../Generic/BrowserDriver/windows/chromedriver.exe" type="java.lang.IllegalStateException">
            <![CDATA[Given I am on amazon homePage...............................................failed
And I enter "Hand Sanitizer" in searchBox...................................skipped
When I click on search Button...............................................skipped
Then I should see "Hand Sanitizer" is properly appear.......................skipped
But I should not see "mobile" is appear.....................................skipped
And I verify "Amazon.com : Hand Sanitizer" in product title.................skipped

StackTrace:
java.lang.IllegalStateException: The driver is not executable: /Users/abunabi/IdeaProjects/BDD_Automation_Framework_Team1/Amazon/../Generic/BrowserDriver/windows/chromedriver.exe
	at com.google.common.base.Preconditions.checkState(Preconditions.java:585)
	at org.openqa.selenium.remote.service.DriverService.checkExecutable(DriverService.java:150)
	at org.openqa.selenium.remote.service.DriverService.findExecutable(DriverService.java:141)
	at org.openqa.selenium.chrome.ChromeDriverService.access$000(ChromeDriverService.java:35)
	at org.openqa.selenium.chrome.ChromeDriverService$Builder.findDefaultExecutable(ChromeDriverService.java:159)
	at org.openqa.selenium.remote.service.DriverService$Builder.build(DriverService.java:355)
	at org.openqa.selenium.chrome.ChromeDriverService.createDefaultService(ChromeDriverService.java:94)
	at org.openqa.selenium.chrome.ChromeDriver.<init>(ChromeDriver.java:123)
	at common.WebAPI.getLocalDriver(WebAPI.java:159)
	at common.WebAPI.setUp(WebAPI.java:143)
	at common.WebAPI.openBrowser(WebAPI.java:128)
	at stepDefinitions.HomePageStepDefinition.i_am_on_amazon_home_page(HomePageStepDefinition.java:42)
	at ✽.I am on amazon homePage(file:///Users/abunabi/IdeaProjects/BDD_Automation_Framework_Team1/Amazon/src/test/java/features/HomePage.feature:5)
]]>
        </failure>
    </testcase>
    <testcase classname="Amazon HomePage Header" name="Amazon searchBox functionality check with valid product" time="0.013">
        <failure message="The driver is not executable: /Users/abunabi/IdeaProjects/BDD_Automation_Framework_Team1/Amazon/../Generic/BrowserDriver/windows/chromedriver.exe" type="java.lang.IllegalStateException">
            <![CDATA[Given I am on amazon homePage...............................................failed
And I enter "Hand Sanitizer" in searchBox...................................skipped
When I click on search Button...............................................skipped
Then I should see "Hand Sanitizer" is properly appear.......................skipped
But I should not see "mobile" is appear.....................................skipped
And I verify "Amazon.com : Hand Sanitizer" in product title.................skipped

StackTrace:
java.lang.IllegalStateException: The driver is not executable: /Users/abunabi/IdeaProjects/BDD_Automation_Framework_Team1/Amazon/../Generic/BrowserDriver/windows/chromedriver.exe
	at com.google.common.base.Preconditions.checkState(Preconditions.java:585)
	at org.openqa.selenium.remote.service.DriverService.checkExecutable(DriverService.java:150)
	at org.openqa.selenium.remote.service.DriverService.findExecutable(DriverService.java:141)
	at org.openqa.selenium.chrome.ChromeDriverService.access$000(ChromeDriverService.java:35)
	at org.openqa.selenium.chrome.ChromeDriverService$Builder.findDefaultExecutable(ChromeDriverService.java:159)
	at org.openqa.selenium.remote.service.DriverService$Builder.build(DriverService.java:355)
	at org.openqa.selenium.chrome.ChromeDriverService.createDefaultService(ChromeDriverService.java:94)
	at org.openqa.selenium.chrome.ChromeDriver.<init>(ChromeDriver.java:123)
	at common.WebAPI.getLocalDriver(WebAPI.java:159)
	at common.WebAPI.setUp(WebAPI.java:143)
	at common.WebAPI.openBrowser(WebAPI.java:128)
	at stepDefinitions.HomePageStepDefinition.i_am_on_amazon_home_page(HomePageStepDefinition.java:42)
	at ✽.I am on amazon homePage(file:///Users/abunabi/IdeaProjects/BDD_Automation_Framework_Team1/Amazon/src/test/java/features/HomePage_Background.feature:6)
]]>
        </failure>
    </testcase>
</testsuite>
